[onthecard.vn/index.html]
[backblue.gif]
[fade.gif]
[index.html]
[theme.hstatic.net/200000281647/1000748372/14/favicon43da.png]
[app.harasocial.com/widget/100107381884951.js]
[onthecard.vn/fonts/glyphicons-halflings-regular.eot]
[onthecard.vn/fonts/glyphicons-halflings-regulard41d.eot]
[onthecard.vn/fonts/glyphicons-halflings-regular.woff2]
[onthecard.vn/fonts/glyphicons-halflings-regular.woff]
[onthecard.vn/fonts/glyphicons-halflings-regular.ttf]
[onthecard.vn/fonts/glyphicons-halflings-regular.svg]
[theme.hstatic.net/200000281647/1000748372/14/styles43da.css]
[theme.hstatic.net/200000281647/1000748372/14/f-cus.scss43da.css]
[www.google.com/recaptcha/api4d7a.js]
[theme.hstatic.net/200000281647/1000748372/14/jquery.min.1.11.043da.js]
[www.google-analytics.com/analytics.js]
[stats.hstatic.net/beacon.min.js]
[connect.facebook.net/en_US/fbevents.js]
[theme.hstatic.net/200000281647/1000700123/14/checkoutec92.js]
[theme.hstatic.net/200000281647/1000748372/14/landing-logo43da.png]
[onthecard.vn/isDSTShifted is deprecated. See http_/momentjs.com/guides/index.html]
[theme.hstatic.net/200000281647/1000748372/14/logo_dark43da.png]
[onthecard.vn/cart.html]
[onthecard.vn/blogs/on-media.html]
[onthecard.vn/collections/all.html]
[onthecard.vn/pages/danh-sach-thiet-bi-tuong-thich.html]
[onthecard.vn/pages/huongdansudung.html]
[onthecard.vn/pages/huongdancaidat.html]
[onthecard.vn/pages/faq.html]
[theme.hstatic.net/200000281647/1000748372/14/img_xxx_143da.png]
[theme.hstatic.net/200000281647/1000748372/14/img_xxx_243da.png]
[theme.hstatic.net/200000281647/1000748372/14/img_xxx_343da.png]
[theme.hstatic.net/200000281647/1000748372/14/two_banner_right43da.gif]
[theme.hstatic.net/200000281647/1000748372/14/two_banner_right_xx43da.gif]
[theme.hstatic.net/200000281647/1000748372/14/f_night_img_143da.png]
[onthecard.vn/blogs/tin-tuc.html]
[theme.hstatic.net/200000281647/1000748372/14/f_night_img_243da.png]
[theme.hstatic.net/200000281647/1000748372/14/f_night_img_343da.png]
[onthecard.vn/collections/best-seller.html]
[onthecard.vn/products/danh-thiep-thong-minh-onthecard-black.html]
[product.hstatic.net/200000281647/product/den_co_ten_fbc262327f9f490d88bc83dcfb851f77_medium.jpg]
[product.hstatic.net/200000281647/product/den_co_ten_fbc262327f9f490d88bc83dcfb851f77_large.jpg]
[product.hstatic.net/200000281647/product/den_co_ten_fbc262327f9f490d88bc83dcfb851f77_grande.jpg]
[product.hstatic.net/200000281647/product/black_ms_8f508ae3e0ef4403acda9433c7f07720_medium.jpg]
[product.hstatic.net/200000281647/product/black_ms_8f508ae3e0ef4403acda9433c7f07720_large.jpg]
[product.hstatic.net/200000281647/product/black_ms_8f508ae3e0ef4403acda9433c7f07720_grande.jpg]
[onthecard.vn/products/the-thiet-ke-nang-cao-thiet-ke-cua-ban.html]
[product.hstatic.net/200000281647/product/the_nang_cao_9a1d0b5482e1401082a53e51e7ec3ca2_medium.png]
[product.hstatic.net/200000281647/product/the_nang_cao_9a1d0b5482e1401082a53e51e7ec3ca2_large.png]
[product.hstatic.net/200000281647/product/the_nang_cao_9a1d0b5482e1401082a53e51e7ec3ca2_grande.png]
[product.hstatic.net/200000281647/product/the_nang_cao_2_409d9cf852314f2bbf0cb02d55de5dd9_medium.png]
[product.hstatic.net/200000281647/product/the_nang_cao_2_409d9cf852314f2bbf0cb02d55de5dd9_large.png]
[product.hstatic.net/200000281647/product/the_nang_cao_2_409d9cf852314f2bbf0cb02d55de5dd9_grande.png]
[onthecard.vn/products/popon.html]
[product.hstatic.net/200000281647/product/black__8190503cb80242a6981356013a1a1120_medium.png]
[product.hstatic.net/200000281647/product/black__8190503cb80242a6981356013a1a1120_large.png]
[product.hstatic.net/200000281647/product/black__8190503cb80242a6981356013a1a1120_grande.png]
[product.hstatic.net/200000281647/product/black2_a0dffdc517a345379221ecba228eed2e_medium.png]
[product.hstatic.net/200000281647/product/black2_a0dffdc517a345379221ecba228eed2e_large.png]
[product.hstatic.net/200000281647/product/black2_a0dffdc517a345379221ecba228eed2e_grande.png]
[onthecard.vn/products/dich-vu-thiet-ke-the-cao-cap.html]
[product.hstatic.net/200000281647/product/ezgif.com-gif-maker__74__1398212645c34b10999146a36beb1271_medium.gif]
[product.hstatic.net/200000281647/product/ezgif.com-gif-maker__74__1398212645c34b10999146a36beb1271_large.gif]
[product.hstatic.net/200000281647/product/ezgif.com-gif-maker__74__1398212645c34b10999146a36beb1271_grande.gif]
[onthecard.vn/collections/thecanhanthongminh-onthecard.html]
[theme.hstatic.net/200000281647/1000748372/14/f_three_img_143da.png]
[onthecard.vn/collections/popon.html]
[theme.hstatic.net/200000281647/1000748372/14/f_three_img_243da.png]
[theme.hstatic.net/200000281647/1000748372/14/f_three_img_343da.png]
[product.hstatic.net/200000281647/product/white_181bbd6500dd47cdbf02df72d8511cfa_medium.gif]
[onthecard.vn/products/danhthiepthongminh-customize-white.html]
[product.hstatic.net/200000281647/product/white_181bbd6500dd47cdbf02df72d8511cfa_large.gif]
[product.hstatic.net/200000281647/product/white_181bbd6500dd47cdbf02df72d8511cfa_grande.gif]
[product.hstatic.net/200000281647/product/white_ms_copy_5e10a8a7e9434d18847a1d12a6a178d5_medium.jpg]
[product.hstatic.net/200000281647/product/white_ms_copy_5e10a8a7e9434d18847a1d12a6a178d5_large.jpg]
[product.hstatic.net/200000281647/product/white_ms_copy_5e10a8a7e9434d18847a1d12a6a178d5_grande.jpg]
[onthecard.vn/products/danh-thiep-thong-minh-onthecard-white.html]
[product.hstatic.net/200000281647/product/trang_co_ten_d0442da150b8408c9317a2a8a290e47b_medium.jpg]
[product.hstatic.net/200000281647/product/trang_co_ten_d0442da150b8408c9317a2a8a290e47b_large.jpg]
[product.hstatic.net/200000281647/product/trang_co_ten_d0442da150b8408c9317a2a8a290e47b_grande.jpg]
[product.hstatic.net/200000281647/product/white_ms_copy_2c1bc3d4f6c447d68d542cd3ab19796a_medium.jpg]
[product.hstatic.net/200000281647/product/white_ms_copy_2c1bc3d4f6c447d68d542cd3ab19796a_large.jpg]
[product.hstatic.net/200000281647/product/white_ms_copy_2c1bc3d4f6c447d68d542cd3ab19796a_grande.jpg]
[product.hstatic.net/200000281647/product/ko_ten3__b0ec0adce18747ee88e37be1d1a03474_medium.png]
[product.hstatic.net/200000281647/product/ko_ten3__b0ec0adce18747ee88e37be1d1a03474_large.png]
[onthecard.vn/products/danh-thiep-thong-minh-onthecard-2-0-black-ver.html]
[product.hstatic.net/200000281647/product/ko_ten3__b0ec0adce18747ee88e37be1d1a03474_grande.png]
[product.hstatic.net/200000281647/product/ko_ten4__3cc6d924f04b4faf965c3c701535d328_medium.png]
[product.hstatic.net/200000281647/product/ko_ten4__3cc6d924f04b4faf965c3c701535d328_large.png]
[product.hstatic.net/200000281647/product/ko_ten4__3cc6d924f04b4faf965c3c701535d328_grande.png]
[onthecard.vn/Mua ngay.59.delayed]
[theme.hstatic.net/200000281647/1000748372/14/eight_img_banner43da.gif]
[onthecard.vn/products/popon-orange-teal.html]
[product.hstatic.net/200000281647/product/teal__c9ce0dc5fb2b4258bc49b182e72ac854_medium.png]
[product.hstatic.net/200000281647/product/teal__c9ce0dc5fb2b4258bc49b182e72ac854_large.png]
[product.hstatic.net/200000281647/product/teal__c9ce0dc5fb2b4258bc49b182e72ac854_grande.png]
[product.hstatic.net/200000281647/product/teal2_572cde2c2b384cb4903f18bf392b5665_medium.png]
[product.hstatic.net/200000281647/product/teal2_572cde2c2b384cb4903f18bf392b5665_large.png]
[product.hstatic.net/200000281647/product/teal2_572cde2c2b384cb4903f18bf392b5665_grande.png]
[onthecard.vn/products/popon-desert.html]
[product.hstatic.net/200000281647/product/desert_99a3c20736924f89881367c50bf96295_medium.png]
[product.hstatic.net/200000281647/product/desert_99a3c20736924f89881367c50bf96295_large.png]
[product.hstatic.net/200000281647/product/desert_99a3c20736924f89881367c50bf96295_grande.png]
[product.hstatic.net/200000281647/product/desert_copy_3c0bcc3d7e5143f7a85e2a26effb4af9_medium.png]
[product.hstatic.net/200000281647/product/desert_copy_3c0bcc3d7e5143f7a85e2a26effb4af9_large.png]
[product.hstatic.net/200000281647/product/desert_copy_3c0bcc3d7e5143f7a85e2a26effb4af9_grande.png]
[onthecard.vn/products/popon-daisy.html]
[product.hstatic.net/200000281647/product/daisy_7d126c88028a45e993698266611381e8_medium.png]
[product.hstatic.net/200000281647/product/daisy_7d126c88028a45e993698266611381e8_large.png]
[product.hstatic.net/200000281647/product/daisy_7d126c88028a45e993698266611381e8_grande.png]
[product.hstatic.net/200000281647/product/daisy_copy_2813b570d156420cb49c781a48ec7e41_medium.png]
[product.hstatic.net/200000281647/product/daisy_copy_2813b570d156420cb49c781a48ec7e41_large.png]
[product.hstatic.net/200000281647/product/daisy_copy_2813b570d156420cb49c781a48ec7e41_grande.png]
[onthecard.vn/products/popon-hologram.html]
[product.hstatic.net/200000281647/product/hologram__eec4abfe1d6d44b7b1f0f9dc2391524c_medium.png]
[product.hstatic.net/200000281647/product/hologram__eec4abfe1d6d44b7b1f0f9dc2391524c_large.png]
[product.hstatic.net/200000281647/product/hologram__eec4abfe1d6d44b7b1f0f9dc2391524c_grande.png]
[product.hstatic.net/200000281647/product/hologram2_959ea2b74d8a49bbbd033e2352990f99_medium.png]
[product.hstatic.net/200000281647/product/hologram2_959ea2b74d8a49bbbd033e2352990f99_large.png]
[product.hstatic.net/200000281647/product/hologram2_959ea2b74d8a49bbbd033e2352990f99_grande.png]
[onthecard.vn/products/popon-white.html]
[product.hstatic.net/200000281647/product/white_copy_d37bea949dab4575a4318426b7550865_medium.png]
[product.hstatic.net/200000281647/product/white_copy_d37bea949dab4575a4318426b7550865_large.png]
[product.hstatic.net/200000281647/product/white_copy_d37bea949dab4575a4318426b7550865_grande.png]
[product.hstatic.net/200000281647/product/white2_256d7f7bbc43450d812da8128ae9b8fe_medium.png]
[product.hstatic.net/200000281647/product/white2_256d7f7bbc43450d812da8128ae9b8fe_large.png]
[product.hstatic.net/200000281647/product/white2_256d7f7bbc43450d812da8128ae9b8fe_grande.png]
[product.hstatic.net/200000281647/product/black_marble_1e0c29faa4384630a6b48fd1dfd47309_medium.png]
[onthecard.vn/products/popon-black-marble.html]
[product.hstatic.net/200000281647/product/black_marble_1e0c29faa4384630a6b48fd1dfd47309_large.png]
[product.hstatic.net/200000281647/product/black_marble_1e0c29faa4384630a6b48fd1dfd47309_grande.png]
[product.hstatic.net/200000281647/product/black_marble2_a9e829e33817427bb845c4027cf8fe13_medium.png]
[product.hstatic.net/200000281647/product/black_marble2_a9e829e33817427bb845c4027cf8fe13_large.png]
[product.hstatic.net/200000281647/product/black_marble2_a9e829e33817427bb845c4027cf8fe13_grande.png]
[product.hstatic.net/200000281647/product/white_marble_1fc32c950826487694bf5728b96b1a9f_medium.png]
[onthecard.vn/products/popon-white-marble.html]
[product.hstatic.net/200000281647/product/white_marble_1fc32c950826487694bf5728b96b1a9f_large.png]
[product.hstatic.net/200000281647/product/white_marble_1fc32c950826487694bf5728b96b1a9f_grande.png]
[product.hstatic.net/200000281647/product/white_marble2_613d92e44e694980b5ed142ed62bdd21_medium.png]
[product.hstatic.net/200000281647/product/white_marble2_613d92e44e694980b5ed142ed62bdd21_large.png]
[product.hstatic.net/200000281647/product/white_marble2_613d92e44e694980b5ed142ed62bdd21_grande.png]
[product.hstatic.net/200000281647/product/po_blossom_ff4fe5b1e9b34dbcb5008c1772d8a443_medium.png]
[product.hstatic.net/200000281647/product/po_blossom_ff4fe5b1e9b34dbcb5008c1772d8a443_large.png]
[onthecard.vn/products/popon-blossom.html]
[product.hstatic.net/200000281647/product/po_blossom_ff4fe5b1e9b34dbcb5008c1772d8a443_grande.png]
[product.hstatic.net/200000281647/product/popon_blossom_7b4a730a3ce0435e840400e9fa842ec6_medium.png]
[product.hstatic.net/200000281647/product/popon_blossom_7b4a730a3ce0435e840400e9fa842ec6_large.png]
[product.hstatic.net/200000281647/product/popon_blossom_7b4a730a3ce0435e840400e9fa842ec6_grande.png]
[onthecard.vn/products/popon-pink.html]
[product.hstatic.net/200000281647/product/po_pink_4015f36af8a546a0b05b7c041dfc84b3_medium.png]
[product.hstatic.net/200000281647/product/po_pink_4015f36af8a546a0b05b7c041dfc84b3_large.png]
[product.hstatic.net/200000281647/product/po_pink_4015f36af8a546a0b05b7c041dfc84b3_grande.png]
[product.hstatic.net/200000281647/product/popon_pink_f2698a3e002d4b83bc0d7086f8ea9189_medium.png]
[product.hstatic.net/200000281647/product/popon_pink_f2698a3e002d4b83bc0d7086f8ea9189_large.png]
[product.hstatic.net/200000281647/product/popon_pink_f2698a3e002d4b83bc0d7086f8ea9189_grande.png]
[theme.hstatic.net/200000281647/1000748372/14/f_five_use_href_right43da.png]
[embedsocial.com/embedscript/stg.js]
[theme.hstatic.net/200000281647/1000748372/14/img_use_night_143da.png]
[theme.hstatic.net/200000281647/1000748372/14/img_use_night_243da.png]
[theme.hstatic.net/200000281647/1000748372/14/img_use_night_343da.png]
[theme.hstatic.net/200000281647/1000748372/14/img_use_night_443da.png]
[theme.hstatic.net/200000281647/1000748372/14/f_eleven_use_img_143da.png]
[theme.hstatic.net/200000281647/1000748372/14/f_eleven_use_img_243da.png]
[onthecard.vn/pages/chinh-sach-bao-hanh.html]
[theme.hstatic.net/200000281647/1000748372/14/f_eleven_use_img_343da.png]
[theme.hstatic.net/200000281647/1000748372/14/img_poster_slider_143da.png]
[theme.hstatic.net/200000281647/1000748372/14/img_poster_slider_2x43da.png]
[theme.hstatic.net/200000281647/1000748372/14/img_poster_slider_3x43da.png]
[theme.hstatic.net/200000281647/1000748372/14/logo-footer-ladi43da.png]
[theme.hstatic.net/200000281647/1000748372/14/facebook-ladi43da.png]
[theme.hstatic.net/200000281647/1000748372/14/instagram-ladi43da.png]
[file.hstatic.net/200000281647/file/youtube_02fb9c47e1bc49d990e71f35e20c4d46.png]
[file.hstatic.net/200000281647/file/tik-tok_1_c532052889bf490b964e19ebd5a11b2e.png]
[theme.hstatic.net/200000281647/1000748372/14/location43da.png]
[theme.hstatic.net/200000281647/1000748372/14/masothue43da.png]
[theme.hstatic.net/200000281647/1000748372/14/phone43da.png]
[theme.hstatic.net/200000281647/1000748372/14/email43da.png]
[file.hstatic.net/200000281647/file/dathongbao_7ecd2eecc7cc4ca2925046c7eb67a6c9.png]
[onthecard.vn/pages/chinh-sach-bao-mat.html]
[onthecard.vn/pages/chinh-sach-giao-hang.html]
[hstatic.net/0/0/global/api.jquery.js]
[hstatic.net/0/0/global/option_selection.js]
[unpkg.com/aos@2.3.1/dist/aos.css]
[unpkg.com/aos@2.3.1/dist/aos.js]
[theme.hstatic.net/200000281647/1000748372/14/scripts43da.js]
[theme.hstatic.net/200000281647/1000748372/14/script-lading43da.js]
[onthecard.vn/index.html]
[theme.hstatic.net/200000281647/1000748372/14/plyr43da.css]
[onthecard.vn/fonts/glyphicons-halflings-regular.html]
[onthecard.vn/fonts/glyphicons-halflings-regulard41d.html]
[onthecard.vn/fonts/glyphicons-halflings-regular-2.html]
[onthecard.vn/fonts/glyphicons-halflings-regular-3.html]
[onthecard.vn/fonts/glyphicons-halflings-regular-4.html]
[onthecard.vn/fonts/glyphicons-halflings-regular-5.html]
[onthecard.vn/owl.video.play.html]
[theme.hstatic.net/200000281647/1000748372/14/futura.woff2]
[theme.hstatic.net/200000281647/1000748372/14/plyr.min43da.js]
[theme.hstatic.net/200000281647/1000748372/14/plugins43da.js]
[theme.hstatic.net/200000281647/1000748372/14/styles43da.css]
[theme.hstatic.net/200000281647/1000748372/14/f-cus.scss43da.css]
[onthecard.vn/isDSTShifted is deprecated. See http_/momentjs.com/guides/index.html]
[theme.hstatic.net/200000281647/1000748372/14/fontawesome43da.svg]
[onthecard.vn/c.c1.delayed]
[onthecard.vn/b]
[onthecard.vn/POST]
[connect.facebook.net/en_US/fbevents.js]
[onthecard.vn/cart.html]
[theme.hstatic.net/200000281647/1000748372/14/fontawesome43da.eot]
[theme.hstatic.net/200000281647/1000748372/14/fontawesome43da.woff]
[file.hstatic.net/200000281647/article/9337dfe3b9337c6d2522_936c688d6f16443fa70ed720df7347b0_large.jpg]
[file.hstatic.net/200000281647/article/8d4566f2fc793f276668_61bb68d1180d4b659b5c85bd80c93349_large.jpg]
[onthecard.vn/blogs/on-media/9-ly-do-cac-chuyen-gia-bat-dong-san-nen-so-huu-mot-danh-thiep-ky-thuat.html]
[onthecard.vn/blogs/isDSTShifted is deprecated. See http_/momentjs.com/guides/index.html]
[onthecard.vn/blogs/on-media/8-loi-khuyen-giup-xay-dung-moi-quan-he-tot-noi-cong-so.html]
[file.hstatic.net/200000281647/article/z3551307005703_a1c0171aabe5f548960df5829d2226a2_8b31dc677ea04e83930182918eb78459_large.jpg]
[file.hstatic.net/200000281647/article/z3551306816073_7a12c12a647209b2ad9519e12adbd954_98299a5dedf64bb0bf90156d283daa82_large.jpg]
[onthecard.vn/blogs/on-media/6-dieu-nen-tranh-khi-muon-mo-rong-mang-luoi-quan-he-1.html]
[onthecard.vn/blogs/on-media/nen-lam-gi-khi-mot-cuoc-tro-chuyen-sap-di-vao-hoi-ket.html]
[file.hstatic.net/200000281647/article/bai_1_copy_2_4303b9b30c70405ca784d575889bf26c_large.jpg]
[onthecard.vn/blogs/on-media/instagram-loai-bo-igtv-va-se-hop-nhat-cac-video-tren-nguon-cap-du-lieu.html]
[file.hstatic.net/200000281647/article/9337dfe3b9337c6d2522_936c688d6f16443fa70ed720df7347b0_grande.jpg]
[onthecard.vn/blogs/on-media/dieu-gi-xay-ra-moi-phut-tren-internet-nam-2021.html]
[file.hstatic.net/200000281647/article/8d4566f2fc793f276668_61bb68d1180d4b659b5c85bd80c93349_grande.jpg]
[onthecard.vn/pages/about-us.html]
[file.hstatic.net/200000281647/article/z3551307005703_a1c0171aabe5f548960df5829d2226a2_8b31dc677ea04e83930182918eb78459_grande.jpg]
[file.hstatic.net/200000281647/article/z3551306816073_7a12c12a647209b2ad9519e12adbd954_98299a5dedf64bb0bf90156d283daa82_grande.jpg]
[file.hstatic.net/200000281647/article/bai_1_copy_2_4303b9b30c70405ca784d575889bf26c_grande.jpg]
[onthecard.vn/blogs/on-media.html]
[onthecard.vn/collections/all4658.html]
[onthecard.vn/collections/isDSTShifted is deprecated. See http_/momentjs.com/guides/index.html]
[product.hstatic.net/200000281647/product/brown_3d332c1e1a254287831d05dae47e5441_medium.gif]
[product.hstatic.net/200000281647/product/brown_3d332c1e1a254287831d05dae47e5441_large.gif]
[product.hstatic.net/200000281647/product/brown_3d332c1e1a254287831d05dae47e5441_grande.gif]
[onthecard.vn/products/danhthiepthongminh-customize-brown.html]
[product.hstatic.net/200000281647/product/tan_ms_copy_7558e4cbe1f34cf6aec64643d6ce2a42_medium.jpg]
[product.hstatic.net/200000281647/product/tan_ms_copy_7558e4cbe1f34cf6aec64643d6ce2a42_large.jpg]
[product.hstatic.net/200000281647/product/tan_ms_copy_7558e4cbe1f34cf6aec64643d6ce2a42_grande.jpg]
[product.hstatic.net/200000281647/product/green_9acf9b2a3bd14baaaaed61c8d46a2896_medium.gif]
[onthecard.vn/products/danhthiepthongminh-customize-green.html]
[product.hstatic.net/200000281647/product/green_9acf9b2a3bd14baaaaed61c8d46a2896_large.gif]
[product.hstatic.net/200000281647/product/green_9acf9b2a3bd14baaaaed61c8d46a2896_grande.gif]
[product.hstatic.net/200000281647/product/green_ms_copy_5a09497c691c4a258630cb2641ddf691_medium.jpg]
[product.hstatic.net/200000281647/product/green_ms_copy_5a09497c691c4a258630cb2641ddf691_large.jpg]
[product.hstatic.net/200000281647/product/green_ms_copy_5a09497c691c4a258630cb2641ddf691_grande.jpg]
[product.hstatic.net/200000281647/product/yellow_7cd08218debd4a67a6745bb69b99730d_medium.gif]
[product.hstatic.net/200000281647/product/yellow_7cd08218debd4a67a6745bb69b99730d_large.gif]
[onthecard.vn/products/danhthiepthongminh-customize-yellow.html]
[product.hstatic.net/200000281647/product/yellow_7cd08218debd4a67a6745bb69b99730d_grande.gif]
[product.hstatic.net/200000281647/product/yellow_ms_copy_f1a9175f34004991902a35f81de6974f_medium.jpg]
[product.hstatic.net/200000281647/product/yellow_ms_copy_f1a9175f34004991902a35f81de6974f_large.jpg]
[product.hstatic.net/200000281647/product/yellow_ms_copy_f1a9175f34004991902a35f81de6974f_grande.jpg]
[product.hstatic.net/200000281647/product/red_3f6b2a4967ed4de2afa290413e109709_medium.gif]
[onthecard.vn/products/danhthiepthongminh-customize-red.html]
[product.hstatic.net/200000281647/product/red_3f6b2a4967ed4de2afa290413e109709_large.gif]
[product.hstatic.net/200000281647/product/red_3f6b2a4967ed4de2afa290413e109709_grande.gif]
[product.hstatic.net/200000281647/product/red_ms_copy_e8e57922857b41c688e0d20c44cfc5a8_medium.jpg]
[product.hstatic.net/200000281647/product/red_ms_copy_e8e57922857b41c688e0d20c44cfc5a8_large.jpg]
[product.hstatic.net/200000281647/product/red_ms_copy_e8e57922857b41c688e0d20c44cfc5a8_grande.jpg]
[onthecard.vn/products/danhthiepthongminh-customize-pink.html]
[product.hstatic.net/200000281647/product/pink_0963384b4508459ca1d375e9947068da_medium.gif]
[product.hstatic.net/200000281647/product/pink_0963384b4508459ca1d375e9947068da_large.gif]
[product.hstatic.net/200000281647/product/pink_0963384b4508459ca1d375e9947068da_grande.gif]
[product.hstatic.net/200000281647/product/pink_ms_copy_1d0ae7570fef4a579b2d721c1c25bc89_medium.jpg]
[product.hstatic.net/200000281647/product/pink_ms_copy_1d0ae7570fef4a579b2d721c1c25bc89_large.jpg]
[product.hstatic.net/200000281647/product/pink_ms_copy_1d0ae7570fef4a579b2d721c1c25bc89_grande.jpg]
[onthecard.vn/products/danhthiepthongminh-customize-black.html]
[product.hstatic.net/200000281647/product/black_58e94abf4da64a5586ca352a0c2995d6_medium.gif]
[product.hstatic.net/200000281647/product/black_58e94abf4da64a5586ca352a0c2995d6_large.gif]
[product.hstatic.net/200000281647/product/black_58e94abf4da64a5586ca352a0c2995d6_grande.gif]
[product.hstatic.net/200000281647/product/black_ms_copy_d77cab50fc6c4637957e7d305a6d9fe5_medium.jpg]
[product.hstatic.net/200000281647/product/black_ms_copy_d77cab50fc6c4637957e7d305a6d9fe5_large.jpg]
[product.hstatic.net/200000281647/product/black_ms_copy_d77cab50fc6c4637957e7d305a6d9fe5_grande.jpg]
[product.hstatic.net/200000281647/product/ko_ten1__60f719f480544998891092de930575e0_medium.png]
[onthecard.vn/products/danh-thiep-thong-minh-onthecard-2-0-white-ver.html]
[product.hstatic.net/200000281647/product/ko_ten1__60f719f480544998891092de930575e0_large.png]
[product.hstatic.net/200000281647/product/ko_ten1__60f719f480544998891092de930575e0_grande.png]
[product.hstatic.net/200000281647/product/ko_ten2__aad49ebe2f274ede9e20881917e06ef7_medium.png]
[product.hstatic.net/200000281647/product/ko_ten2__aad49ebe2f274ede9e20881917e06ef7_large.png]
[product.hstatic.net/200000281647/product/ko_ten2__aad49ebe2f274ede9e20881917e06ef7_grande.png]
[onthecard.vn/collections/all.html]
[onthecard.vn/pages/danh-sach-thiet-bi-tuong-thich.html]
[onthecard.vn/pages/isDSTShifted is deprecated. See http_/momentjs.com/guides/index.html]
[onthecard.vn/pages/onthecard.10a.delayed]
[file.hstatic.net/200000281647/file/the-ca-nhan-thong-minh-on-the-card_c4d603b84bab40ec9e5148a7e0d17cb8.png]
[file.hstatic.net/200000281647/file/dangki_c154cd1a814a4ea9810afb4093347fe0.jpg]
[file.hstatic.net/200000281647/file/dangnhap_7772cab5d76c44e8b724f16abc9dad9d.jpg]
[onthecard.vn/blogs/tin-tuc/giai-ma-nhung-cong-nghe-bi-an-ben-trong-the-otc.html]
[file.hstatic.net/200000281647/file/chinhsuatrangcanhan_2_96efc029071b4daa9e7ed818eb06a146.jpg]
[file.hstatic.net/200000281647/file/slide11_4232ab932bbc4e5e8ea64d20c7f2415a.png]
[file.hstatic.net/200000281647/file/onthecard-huongdansudung_491c3345087b445e9facde0461f91ef4.gif]
[file.hstatic.net/200000281647/file/fb_4dc4bc13c86843498e03b891c77f86be.jpg]
[file.hstatic.net/200000281647/file/ig_1e7f099a8d2d41f68e469a688978caec.jpg]
[file.hstatic.net/200000281647/file/youtube_b1a8aa5c42d24f1995455af1698c5e04.jpg]
[file.hstatic.net/200000281647/file/tiktok_d101100facff45dd888aef36bd66bc83.jpg]
[file.hstatic.net/200000281647/file/linkedin_51162b9676124bf0bc99404f475f9f78.jpg]
[file.hstatic.net/200000281647/file/spotify_4d70f5d00af044ac866fa6efa879569b.jpg]
[file.hstatic.net/200000281647/file/nhung_youtube_33b6d234935a4af8a902646fc698a7c1.jpg]
[file.hstatic.net/200000281647/file/custom_link_33d3b258657a4dfb9fc9320186405edb.jpg]
[file.hstatic.net/200000281647/file/027807c0-4b5e-4c9d-901b-c0fb1d1aa7b7_5161fdd6df2f43d7bc335daf9693c168.jpg]
[file.hstatic.net/200000281647/file/ban_co_the_chia_se_d48ae45a661144f4bc5a68cdc1ad7ed7.jpg]
[file.hstatic.net/200000281647/file/quanlilink3_108878c5195b40fab737460f91c32cd8.jpg]
[file.hstatic.net/200000281647/file/quanlilink4_fc9a18ea212a4cddbc23cb651755e5f5.jpg]
[file.hstatic.net/200000281647/file/quanlilink5_711eb6cda86d4dc3a15d8f00019d88c0.jpg]
[file.hstatic.net/200000281647/file/hoan_thanh_0009feb92d464777bf1bb1814f35e256.png]
[file.hstatic.net/200000281647/file/huongdancachlaylink2-2_copy_9dd2eb7f25474fc5a28fa72017802626.jpg]
[file.hstatic.net/200000281647/file/nfc_ios_14_aa2a2287f14b4f5889c1fd011bfebc7c.png]
[file.hstatic.net/200000281647/file/nfc_android_d16c7a43d08d4170a93bf1a548971c08.png]
[onthecard.vn/pages/huongdansudung.html]
[onthecard.vn/pages/huongdancaidat.html]
[onthecard.vn/pages/faq.html]
[onthecard.vn/blogs/tin-tuc/khac-phuc-loi-lien-ket-facebook-khong-chuyen-thang-sang-ung-dung-tren.html]
[file.hstatic.net/200000281647/article/z3560625197797_f17d2de70fd45e14e8352de19dab5872__1__afc8fad2d304454f91a09f0d7eb2b7aa_large.jpg]
[file.hstatic.net/200000281647/article/giai-ma-nhung-cong-nghe-bi-an-thong-the-otc_af47a7f7d9e346129118c7f5d92eb28e_large.png]
[onthecard.vn/blogs/tin-tuc/the-ca-nhan-thong-minh-la-gi.html]
[file.hstatic.net/200000281647/article/the-ca-nhan-thong-minh-la-gi_ffb9bcf395994c6b926567f64ed196c1_large.png]
[file.hstatic.net/200000281647/article/z3560625197797_f17d2de70fd45e14e8352de19dab5872__1__afc8fad2d304454f91a09f0d7eb2b7aa_grande.jpg]
[file.hstatic.net/200000281647/article/giai-ma-nhung-cong-nghe-bi-an-thong-the-otc_af47a7f7d9e346129118c7f5d92eb28e_grande.png]
[file.hstatic.net/200000281647/article/the-ca-nhan-thong-minh-la-gi_ffb9bcf395994c6b926567f64ed196c1_grande.png]
[onthecard.vn/blogs/tin-tuc.html]
[onthecard.vn/collections/best-seller.html]
[product.hstatic.net/200000281647/product/den_co_ten_fbc262327f9f490d88bc83dcfb851f77.jpg]
[onthecard.vn/products/isDSTShifted is deprecated. See http_/momentjs.com/guides/index.html]
[theme.hstatic.net/200000281647/1000748372/14/design.scss43da.css]
[cdnjs.cloudflare.com/ajax/libs/cropperjs/1.5.11/cropper.min.css]
[file.hstatic.net/200000281647/file/banana-card-bg_9153f1f853b64a2da1b0e57b3c7f65cf.jpg]
[cdnjs.cloudflare.com/ajax/libs/cropperjs/1.5.11/cropper.min.js]
[cdn.jsdelivr.net/npm/html2canvas@1.0.0-rc.7/dist/html2canvas.min.js]
[theme.hstatic.net/200000281647/1000695196/14/landing-logo7626.png]
[file.hstatic.net/200000281647/file/qr_b822e505cd94448cbb5b24bbdb80f0de.png]
[theme.hstatic.net/200000281647/1000748372/14/design43da.js]
[cdn.jsdelivr.net/npm/slick-carousel@1.8.1/slick/slick.css]
[product.hstatic.net/200000281647/product/den_co_ten_fbc262327f9f490d88bc83dcfb851f77_1024x1024.jpg]
[product.hstatic.net/200000281647/product/black_ms_8f508ae3e0ef4403acda9433c7f07720_1024x1024.jpg]
[onthecard.vn/products/danh-thiep-thong-minh-onthecard-black.html]
[product.hstatic.net/200000281647/product/the_nang_cao_9a1d0b5482e1401082a53e51e7ec3ca2.png]
[cdn.jsdelivr.net/npm/slick-carousel@1.8.1/slick/slick.min.js]
[product.hstatic.net/200000281647/product/the_nang_cao_9a1d0b5482e1401082a53e51e7ec3ca2_1024x1024.png]
[product.hstatic.net/200000281647/product/the_nang_cao_2_409d9cf852314f2bbf0cb02d55de5dd9_1024x1024.png]
[onthecard.vn/products/the-thiet-ke-nang-cao-thiet-ke-cua-ban.html]
[onthecard.vn/products/dich-vu-thiet-ke-the-cao-cap/index.html]
[product.hstatic.net/200000281647/product/black__8190503cb80242a6981356013a1a1120.png]
[product.hstatic.net/200000281647/product/black__8190503cb80242a6981356013a1a1120_1024x1024.png]
[product.hstatic.net/200000281647/product/black2_a0dffdc517a345379221ecba228eed2e_1024x1024.png]
[static.xx.fbcdn.net/images/emoji.php/v9/t5d/1/16/26a1.png]
[static.xx.fbcdn.net/images/emoji.php/v9/td2/1/16/1f604.png]
[static.xx.fbcdn.net/images/emoji.php/v9/t83/1/16/1f60e.png]
[static.xx.fbcdn.net/images/emoji.php/v9/tc6/1/16/1f680.png]
[static.xx.fbcdn.net/images/emoji.php/v9/tc/1/16/1f449_1f3fb.png]
[onthecard.vn/products/popon.html]
[onthecard.vn/index0c82.html]
[product.hstatic.net/200000281647/product/ezgif.com-gif-maker__74__1398212645c34b10999146a36beb1271.gif]
[product.hstatic.net/200000281647/product/ezgif.com-gif-maker__74__1398212645c34b10999146a36beb1271_1024x1024.gif]
[onthecard.vn/products/dich-vu-thiet-ke-the-cao-cap.html]
[onthecard.vn/collections/thecanhanthongminh-onthecard.html]
[onthecard.vn/collections/popon.html]
[product.hstatic.net/200000281647/product/white_181bbd6500dd47cdbf02df72d8511cfa.gif]
[product.hstatic.net/200000281647/product/white_181bbd6500dd47cdbf02df72d8511cfa_1024x1024.gif]
[product.hstatic.net/200000281647/product/white_ms_copy_5e10a8a7e9434d18847a1d12a6a178d5_1024x1024.jpg]
[product.hstatic.net/200000281647/product/white_kt_6062601da1f04972b712f426aaeb4803_1024x1024.jpg]
[product.hstatic.net/200000281647/product/white_ms_copy_5e10a8a7e9434d18847a1d12a6a178d5.jpg]
[onthecard.vn/products/danhthiepthongminh-customize-white.html]
[product.hstatic.net/200000281647/product/trang_co_ten_d0442da150b8408c9317a2a8a290e47b.jpg]
[product.hstatic.net/200000281647/product/trang_co_ten_d0442da150b8408c9317a2a8a290e47b_1024x1024.jpg]
[product.hstatic.net/200000281647/product/white_ms_copy_2c1bc3d4f6c447d68d542cd3ab19796a_1024x1024.jpg]
[onthecard.vn/products/danh-thiep-thong-minh-onthecard-white.html]
[product.hstatic.net/200000281647/product/ko_ten3__b0ec0adce18747ee88e37be1d1a03474.png]
[product.hstatic.net/200000281647/product/ko_ten3__b0ec0adce18747ee88e37be1d1a03474_1024x1024.png]
[product.hstatic.net/200000281647/product/ko_ten4__3cc6d924f04b4faf965c3c701535d328_1024x1024.png]
[product.hstatic.net/200000281647/product/on2_den_ab4326adfc724d16a55714ed12807e9c_1024x1024.png]
[product.hstatic.net/200000281647/product/ko_ten4__3cc6d924f04b4faf965c3c701535d328.png]
[onthecard.vn/products/danh-thiep-thong-minh-onthecard-2-0-black-ver.html]
[onthecard.vn/Mua ngay.html]
[product.hstatic.net/200000281647/product/teal__c9ce0dc5fb2b4258bc49b182e72ac854.png]
[product.hstatic.net/200000281647/product/teal__c9ce0dc5fb2b4258bc49b182e72ac854_1024x1024.png]
[product.hstatic.net/200000281647/product/teal2_572cde2c2b384cb4903f18bf392b5665_1024x1024.png]
[onthecard.vn/products/popon-orange-teal.html]
[product.hstatic.net/200000281647/product/desert_99a3c20736924f89881367c50bf96295.png]
[product.hstatic.net/200000281647/product/desert_99a3c20736924f89881367c50bf96295_1024x1024.png]
[product.hstatic.net/200000281647/product/desert_copy_3c0bcc3d7e5143f7a85e2a26effb4af9_1024x1024.png]
[onthecard.vn/products/popon-desert.html]
[product.hstatic.net/200000281647/product/daisy_7d126c88028a45e993698266611381e8.png]
[product.hstatic.net/200000281647/product/daisy_7d126c88028a45e993698266611381e8_1024x1024.png]
[product.hstatic.net/200000281647/product/daisy_copy_2813b570d156420cb49c781a48ec7e41_1024x1024.png]
[onthecard.vn/products/popon-daisy.html]
[product.hstatic.net/200000281647/product/hologram__eec4abfe1d6d44b7b1f0f9dc2391524c.png]
[product.hstatic.net/200000281647/product/hologram__eec4abfe1d6d44b7b1f0f9dc2391524c_1024x1024.png]
[product.hstatic.net/200000281647/product/hologram2_959ea2b74d8a49bbbd033e2352990f99_1024x1024.png]
[onthecard.vn/products/popon-hologram.html]
[product.hstatic.net/200000281647/product/white_copy_d37bea949dab4575a4318426b7550865.png]
[product.hstatic.net/200000281647/product/white_copy_d37bea949dab4575a4318426b7550865_1024x1024.png]
[product.hstatic.net/200000281647/product/white2_256d7f7bbc43450d812da8128ae9b8fe_1024x1024.png]
[onthecard.vn/products/popon-white.html]
[product.hstatic.net/200000281647/product/black_marble_1e0c29faa4384630a6b48fd1dfd47309.png]
[product.hstatic.net/200000281647/product/black_marble_1e0c29faa4384630a6b48fd1dfd47309_1024x1024.png]
[product.hstatic.net/200000281647/product/black_marble2_a9e829e33817427bb845c4027cf8fe13_1024x1024.png]
[onthecard.vn/products/popon-black-marble.html]
[product.hstatic.net/200000281647/product/white_marble_1fc32c950826487694bf5728b96b1a9f.png]
[product.hstatic.net/200000281647/product/white_marble_1fc32c950826487694bf5728b96b1a9f_1024x1024.png]
[product.hstatic.net/200000281647/product/white_marble2_613d92e44e694980b5ed142ed62bdd21_1024x1024.png]
[onthecard.vn/products/popon-white-marble.html]
[product.hstatic.net/200000281647/product/po_blossom_ff4fe5b1e9b34dbcb5008c1772d8a443.png]
[product.hstatic.net/200000281647/product/po_blossom_ff4fe5b1e9b34dbcb5008c1772d8a443_1024x1024.png]
[product.hstatic.net/200000281647/product/popon_blossom_7b4a730a3ce0435e840400e9fa842ec6_1024x1024.png]
[onthecard.vn/products/popon-blossom.html]
[product.hstatic.net/200000281647/product/po_pink_4015f36af8a546a0b05b7c041dfc84b3.png]
[product.hstatic.net/200000281647/product/po_pink_4015f36af8a546a0b05b7c041dfc84b3_1024x1024.png]
[product.hstatic.net/200000281647/product/popon_pink_f2698a3e002d4b83bc0d7086f8ea9189_1024x1024.png]
[onthecard.vn/products/popon-pink.html]
[onthecard.vn/pages/chinh-sach-bao-hanh.html]
[onthecard.vn/pages/chinh-sach-bao-mat.html]
[onthecard.vn/pages/chinh-sach-giao-hang.html]
[unpkg.com/aos@2.3.1/dist/aos.css]
[theme.hstatic.net/200000281647/1000748372/14/plyr43da.css]
[theme.hstatic.net/200000281647/1000748372/14/fontawesome43da.html]
[theme.hstatic.net/200000281647/1000748372/14/fontawesome43da.svg]
[onthecard.vn/c.html]
[onthecard.vn/b.html]
[onthecard.vn/POST.html]
[onthecard.vn/blogs/owl.video.play.html]
[onthecard.vn/blogs/isDSTShifted is deprecated. See http_/momentjs.com/guides/index.html]
[onthecard.vn/blogs/fonts/glyphicons-halflings-regular.16e.delayed]
[onthecard.vn/blogs/fonts/glyphicons-halflings-regulard41d.eot]
[onthecard.vn/blogs/fonts/glyphicons-halflings-regular.woff2]
[onthecard.vn/blogs/fonts/glyphicons-halflings-regular.woff]
[onthecard.vn/blogs/fonts/glyphicons-halflings-regular.ttf]
[onthecard.vn/blogs/fonts/glyphicons-halflings-regular.svg]
[file.hstatic.net/200000281647/article/9337dfe3b9337c6d2522_936c688d6f16443fa70ed720df7347b0_1024x1024.jpg]
[file.hstatic.net/200000281647/file/61570a1b4d9a88c4d18b_78a5cc669f154110b6f23af7322a175e.jpg]
[file.hstatic.net/200000281647/file/b0b8d1f6967753290a66_e6839460c6594c41a3a1eab3541c3632.jpg]
[onthecard.vn/blogs/on-media/isDSTShifted is deprecated. See http_/momentjs.com/guides/index.html]
[file.hstatic.net/200000281647/file/64eb19995e189b46c209_e251d08f0b8e4bad96ff9c4f244703ab.jpg]
[onthecard.vn/blogs/on-media/9-ly-do-cac-chuyen-gia-bat-dong-san-nen-so-huu-mot-danh-thiep-ky-thuat.html]
[file.hstatic.net/200000281647/article/8d4566f2fc793f276668_61bb68d1180d4b659b5c85bd80c93349_1024x1024.jpg]
[file.hstatic.net/200000281647/file/z3627564638896_b27b07037f9203217bed79639895c695__1__5df84cfa7ba34322befd68ddd0a43684.jpg]
[onthecard.vn/blogs/on-media/8-loi-khuyen-giup-xay-dung-moi-quan-he-tot-noi-cong-so.html]
[file.hstatic.net/200000281647/article/z3551307005703_a1c0171aabe5f548960df5829d2226a2_8b31dc677ea04e83930182918eb78459_1024x1024.jpg]
[file.hstatic.net/200000281647/file/z3512144779978_b77d2dfcbf635543c2fd03ce2710d2ff_5561716238484dc1bbcdd5b2a0a527fe.jpg]
[onthecard.vn/blogs/on-media/6-dieu-nen-tranh-khi-muon-mo-rong-mang-luoi-quan-he-1.html]
[file.hstatic.net/200000281647/article/z3551306816073_7a12c12a647209b2ad9519e12adbd954_98299a5dedf64bb0bf90156d283daa82_1024x1024.jpg]
[file.hstatic.net/200000281647/file/z3511699582953_a61186d7d394fbe4a5981833911846f4_757aed5bddc84b59b7d276f4e46ddee2.jpg]
[file.hstatic.net/200000281647/file/z3511699612064_54885288514fe03f6f39f01cba23f01a_d620895e5116429b8f08d760df6a2efb.jpg]
[onthecard.vn/blogs/on-media/nen-lam-gi-khi-mot-cuoc-tro-chuyen-sap-di-vao-hoi-ket.html]
[onthecard.vn/blogs/on-media/instagram-loai-bo-igtv-va-se-hop-nhat-cac-video-tren-nguon-cap-du-lieu.html]
[file.hstatic.net/200000281647/article/bai_1_copy_2_4303b9b30c70405ca784d575889bf26c_1024x1024.jpg]
[file.hstatic.net/200000281647/file/bai_1_4624d3b98d8143329f27a819d5b71bda.jpg]
[onthecard.vn/blogs/on-media/dieu-gi-xay-ra-moi-phut-tren-internet-nam-2021.html]
[file.hstatic.net/200000281647/file/ten_cua_ban_2adc5d7c7e7b4b35a552bca5e29980da_grande.gif]
[onthecard.vn/pages/about-us.html]
[onthecard.vn/collections/owl.video.play.html]
[onthecard.vn/collections/isDSTShifted is deprecated. See http_/momentjs.com/guides/index.html]
[onthecard.vn/collections/all2679.html]
[onthecard.vn/collections/all4658.html]
[product.hstatic.net/200000281647/product/brown_3d332c1e1a254287831d05dae47e5441.gif]
[product.hstatic.net/200000281647/product/brown_3d332c1e1a254287831d05dae47e5441_1024x1024.gif]
[product.hstatic.net/200000281647/product/tan_ms_copy_7558e4cbe1f34cf6aec64643d6ce2a42_1024x1024.jpg]
[product.hstatic.net/200000281647/product/tan_kt_0e9310984c8b4e7787c86ef108950905_1024x1024.jpg]
[product.hstatic.net/200000281647/product/tan_ms_copy_7558e4cbe1f34cf6aec64643d6ce2a42.jpg]
[onthecard.vn/products/danhthiepthongminh-customize-brown.html]
[product.hstatic.net/200000281647/product/green_9acf9b2a3bd14baaaaed61c8d46a2896.gif]
[product.hstatic.net/200000281647/product/green_9acf9b2a3bd14baaaaed61c8d46a2896_1024x1024.gif]
[product.hstatic.net/200000281647/product/green_ms_copy_5a09497c691c4a258630cb2641ddf691_1024x1024.jpg]
[product.hstatic.net/200000281647/product/green_kt_0e81342c44cf4ae3812209d3f08f5f39_1024x1024.jpg]
[product.hstatic.net/200000281647/product/green_ms_copy_5a09497c691c4a258630cb2641ddf691.jpg]
[onthecard.vn/products/danhthiepthongminh-customize-green.html]
[product.hstatic.net/200000281647/product/yellow_7cd08218debd4a67a6745bb69b99730d.gif]
[product.hstatic.net/200000281647/product/yellow_7cd08218debd4a67a6745bb69b99730d_1024x1024.gif]
[product.hstatic.net/200000281647/product/yellow_ms_copy_f1a9175f34004991902a35f81de6974f_1024x1024.jpg]
[product.hstatic.net/200000281647/product/yellow_kt_7798442c0a2b4f52a0ff4774ccaac0d7_1024x1024.jpg]
[product.hstatic.net/200000281647/product/yellow_ms_copy_f1a9175f34004991902a35f81de6974f.jpg]
[onthecard.vn/products/danhthiepthongminh-customize-yellow.html]
[product.hstatic.net/200000281647/product/red_3f6b2a4967ed4de2afa290413e109709.gif]
[product.hstatic.net/200000281647/product/red_3f6b2a4967ed4de2afa290413e109709_1024x1024.gif]
[product.hstatic.net/200000281647/product/red_ms_copy_e8e57922857b41c688e0d20c44cfc5a8_1024x1024.jpg]
[product.hstatic.net/200000281647/product/red_kt_2139132f50914012a909490663a4d6eb_1024x1024.jpg]
[product.hstatic.net/200000281647/product/red_ms_copy_e8e57922857b41c688e0d20c44cfc5a8.jpg]
[onthecard.vn/products/danhthiepthongminh-customize-red.html]
[product.hstatic.net/200000281647/product/pink_0963384b4508459ca1d375e9947068da.gif]
[product.hstatic.net/200000281647/product/pink_0963384b4508459ca1d375e9947068da_1024x1024.gif]
[product.hstatic.net/200000281647/product/pink_ms_copy_1d0ae7570fef4a579b2d721c1c25bc89_1024x1024.jpg]
[product.hstatic.net/200000281647/product/pink_kt_48f69861178a4c2682ce1ad9872d10ef_1024x1024.jpg]
[product.hstatic.net/200000281647/product/pink_ms_copy_1d0ae7570fef4a579b2d721c1c25bc89.jpg]
[onthecard.vn/products/danhthiepthongminh-customize-pink.html]
[product.hstatic.net/200000281647/product/black_58e94abf4da64a5586ca352a0c2995d6.gif]
[product.hstatic.net/200000281647/product/black_58e94abf4da64a5586ca352a0c2995d6_1024x1024.gif]
[product.hstatic.net/200000281647/product/black_ms_copy_d77cab50fc6c4637957e7d305a6d9fe5_1024x1024.jpg]
[product.hstatic.net/200000281647/product/black_kt_ee8127f0468443f8892eb9939d02705c_1024x1024.jpg]
[product.hstatic.net/200000281647/product/black_ms_copy_d77cab50fc6c4637957e7d305a6d9fe5.jpg]
[onthecard.vn/products/danhthiepthongminh-customize-black.html]
[product.hstatic.net/200000281647/product/ko_ten1__60f719f480544998891092de930575e0.png]
[product.hstatic.net/200000281647/product/ko_ten1__60f719f480544998891092de930575e0_1024x1024.png]
[product.hstatic.net/200000281647/product/ko_ten2__aad49ebe2f274ede9e20881917e06ef7_1024x1024.png]
[onthecard.vn/products/danh-thiep-thong-minh-onthecard-2-0-white-ver.html]
[onthecard.vn/pages/owl.video.play.html]
[onthecard.vn/pages/isDSTShifted is deprecated. See http_/momentjs.com/guides/index.html]
[onthecard.vn/pages/onthecard.html]
[file.hstatic.net/200000281647/article/giai-ma-nhung-cong-nghe-bi-an-thong-the-otc_af47a7f7d9e346129118c7f5d92eb28e_1024x1024.png]
[onthecard.vn/blogs/tin-tuc/isDSTShifted is deprecated. See http_/momentjs.com/guides/index.html]
[file.hstatic.net/200000281647/file/card-visit-thong-minh-chia-se-thong-tin-theo-cach-hien-dai_00cccf8ad6374fba87feaa303bc05d92_grande.png]
[file.hstatic.net/200000281647/file/ung-dung-cong-nghe-nfc_8cff6e5bf2d14d958b96b7e7593f4572_grande.jpg]
[file.hstatic.net/200000281647/file/ung-dung-cong-nghe-qr-code_2e65917f48474c269ebcede60e315ede_grande.jpg]
[file.hstatic.net/200000281647/file/ggf3_28b8914f58af47f2aa20a624df2239ba_grande.gif]
[file.hstatic.net/200000281647/file/ca-nhan-hoa-the-ca-nhan-thong-minh-otc_7f1bbcbe1fbf4703995d6845bb457dd3_grande.jpg]
[file.hstatic.net/200000281647/file/the-thong-minh-otc_a42bc0c155d2433787681f527a9932a9_grande.png]
[onthecard.vn/blogs/tin-tuc/giai-ma-nhung-cong-nghe-bi-an-ben-trong-the-otc.html]
[file.hstatic.net/200000281647/article/z3560625197797_f17d2de70fd45e14e8352de19dab5872__1__afc8fad2d304454f91a09f0d7eb2b7aa_1024x1024.jpg]
[file.hstatic.net/200000281647/file/z3563429839979_330a6c7c6e6570f50567ccf1f42d1ac6_1b56f7e25c62409395d2635f9f9db8ce.jpg]
[file.hstatic.net/200000281647/file/z3560714757877_5226791af88b183ef0e165fabdcd05d9_bb8169b8163c4eab9d7400e918a92e19.jpg]
[file.hstatic.net/200000281647/file/z3560702251648_3819bc04d15efa036b74d22159f6d8b5_bee808f0bfb245b884193a636bf0d6b3.jpg]
[file.hstatic.net/200000281647/file/z3560640437952_a88075e2e4a91c21436b095d238fcb17_dd2bb4e5812c468fb32a568613553fff.jpg]
[onthecard.vn/blogs/tin-tuc/khac-phuc-loi-lien-ket-facebook-khong-chuyen-thang-sang-ung-dung-tren.html]
[file.hstatic.net/200000281647/article/the-ca-nhan-thong-minh-la-gi_ffb9bcf395994c6b926567f64ed196c1_1024x1024.png]
[file.hstatic.net/200000281647/file/the-ca-nhan-thong-minh-chia-se-thong-tin-mot-cham_5d7dd2b4e0c84f778107939673e3a925_1024x1024.gif]
[file.hstatic.net/200000281647/file/tinh-nang-cua-the-ca-nhan-thong-minh_5db24a71c050409d9beb0615be6401b2_1024x1024.png]
[file.hstatic.net/200000281647/file/card-visit-thong-minh-chia-se-thong-tin-theo-cach-hien-dai_00cccf8ad6374fba87feaa303bc05d92_1024x1024.png]
[onthecard.vn/blogs/tin-tuc/the-ca-nhan-thong-minh-la-gi.html]
[onthecard.vn/products/owl.video.play.html]
[onthecard.vn/products/isDSTShifted is deprecated. See http_/momentjs.com/guides/index.html]
[theme.hstatic.net/200000281647/1000748372/14/design.scss43da.css]
[cdnjs.cloudflare.com/ajax/libs/cropperjs/1.5.11/cropper.min.css]
[cdn.jsdelivr.net/npm/slick-carousel@1.8.1/slick/slick.css]
[onthecard.vn/products/fonts/glyphicons-halflings-regular.1b6.delayed]
[onthecard.vn/products/fonts/glyphicons-halflings-regulard41d.eot]
[onthecard.vn/products/fonts/glyphicons-halflings-regular.woff2]
[onthecard.vn/products/fonts/glyphicons-halflings-regular.woff]
[onthecard.vn/products/fonts/glyphicons-halflings-regular.ttf]
[onthecard.vn/products/fonts/glyphicons-halflings-regular.svg]
[onthecard.vn/products/dich-vu-thiet-ke-the-cao-cap/index.html]
[onthecard.vn/products/dich-vu-thiet-ke-the-cao-cap/isDSTShifted is deprecated. See http_/momentjs.com/guides/index.html]
[onthecard.vn/index0c82.html]
[onthecard.vn/products/the-thiet-ke-nang-cao-thiet-ke-cua-ban/index.html]
[onthecard.vn/blogs/fonts/glyphicons-halflings-regular.html]
[onthecard.vn/blogs/fonts/glyphicons-halflings-regulard41d.html]
[onthecard.vn/blogs/fonts/glyphicons-halflings-regular-2.html]
[onthecard.vn/blogs/fonts/glyphicons-halflings-regular-3.html]
[onthecard.vn/blogs/fonts/glyphicons-halflings-regular-4.html]
[onthecard.vn/blogs/fonts/glyphicons-halflings-regular-5.html]
[onthecard.vn/blogs/on-media/owl.video.play.html]
[onthecard.vn/blogs/on-media/isDSTShifted is deprecated. See http_/momentjs.com/guides/index.html]
[onthecard.vn/collections/all2679.html]
[onthecard.vn/blogs/tin-tuc/owl.video.play.html]
[onthecard.vn/blogs/tin-tuc/isDSTShifted is deprecated. See http_/momentjs.com/guides/index.html]
[onthecard.vn/products/fonts/glyphicons-halflings-regular.html]
[onthecard.vn/products/fonts/glyphicons-halflings-regulard41d.html]
[onthecard.vn/products/fonts/glyphicons-halflings-regular-2.html]
[onthecard.vn/products/fonts/glyphicons-halflings-regular-3.html]
[onthecard.vn/products/fonts/glyphicons-halflings-regular-4.html]
[onthecard.vn/products/fonts/glyphicons-halflings-regular-5.html]
[onthecard.vn/products/dich-vu-thiet-ke-the-cao-cap/owl.video.play.html]
[onthecard.vn/products/dich-vu-thiet-ke-the-cao-cap/isDSTShifted is deprecated. See http_/momentjs.com/guides/index.html]
